#
# A fatal error has been detected by the Java Runtime Environment:
#
#  EXCEPTION_ACCESS_VIOLATION (0xc0000005) at pc=0x00007ff8444dd9aa, pid=31656, tid=19524
#
# JRE version: Java(TM) SE Runtime Environment (14.0.2+12) (build 14.0.2+12-46)
# Java VM: Java HotSpot(TM) 64-Bit Server VM (14.0.2+12-46, mixed mode, sharing, tiered, compressed oops, g1 gc, windows-amd64)
# Problematic frame:
# V  [jvm.dll+0x29d9aa]
#
# No core dump will be written. Minidumps are not enabled by default on client versions of Windows
#
# If you would like to submit a bug report, please visit:
#   https://bugreport.java.com/bugreport/crash.jsp
#

---------------  S U M M A R Y ------------

Command Line: com.mycompany.guessthenumber.App

Host: Intel(R) Core(TM) i5-4670K CPU @ 3.40GHz, 4 cores, 15G,  Windows 10 , 64 bit Build 19041 (10.0.19041.1645)
Time: Sat Apr 23 23:41:15 2022 Eastern Daylight Time elapsed time: 0 seconds (0d 0h 0m 0s)

---------------  T H R E A D  ---------------

Current thread (0x0000020982a0e000):  GCTaskThread "GC Thread#1" [stack: 0x00000057ce500000,0x00000057ce600000] [id=19524]

Stack: [0x00000057ce500000,0x00000057ce600000],  sp=0x00000057ce5ff4e0,  free space=1021k
Native frames: (J=compiled Java code, j=interpreted, Vv=VM code, C=native code)
V  [jvm.dll+0x29d9aa]
V  [jvm.dll+0x2c76bb]
V  [jvm.dll+0x2d4a87]
V  [jvm.dll+0x2d68cc]
V  [jvm.dll+0x2d5120]
V  [jvm.dll+0x2d6511]
V  [jvm.dll+0x2a45b5]
V  [jvm.dll+0x2a5dd7]
V  [jvm.dll+0x76ec00]
V  [jvm.dll+0x6ffeda]
V  [jvm.dll+0x5f78f6]
C  [ucrtbase.dll+0x21bb2]
C  [KERNEL32.DLL+0x17034]
C  [ntdll.dll+0x52651]


siginfo: EXCEPTION_ACCESS_VIOLATION (0xc0000005), reading address 0x0000000000020000


Register to memory mapping:

RIP=0x00007ff8444dd9aa jvm.dll
RAX=0x0 is NULL
RBX=0x000000070217ac90 is pointing into object: [Lorg.springframework.util.ConcurrentReferenceHashMap$Reference; 
{0x000000070217ac68} - klass: 'org/springframework/util/ConcurrentReferenceHashMap$Reference'[]
 - length: 16
RCX=0x0000000000000014 is an unknown value
RDX=0x0 is NULL
RSP=0x00000057ce5ff4e0 points into unknown readable memory: d4 09 00 00 00 00 00 00
RBP=0x00000209f6350a00 points into unknown readable memory: 01 01 01 01 01 01 01 01
RSI=0x0000020982f06ae0 points into unknown readable memory: 28 12 a9 44 f8 7f 00 00
RDI=0x0000020982f06ae0 points into unknown readable memory: 28 12 a9 44 f8 7f 00 00
R8 =0x0000000000020000 is an unknown value
R9 =0x000000070217ac68 is an oop: [Lorg.springframework.util.ConcurrentReferenceHashMap$Reference; 
{0x000000070217ac68} - klass: 'org/springframework/util/ConcurrentReferenceHashMap$Reference'[]
 - length: 16
R10=0x000000000000000c is an unknown value
R11=0x000000070217ac68 is an oop: [Lorg.springframework.util.ConcurrentReferenceHashMap$Reference; 
{0x000000070217ac68} - klass: 'org/springframework/util/ConcurrentReferenceHashMap$Reference'[]
 - length: 16
R12=0x0 is NULL
R13=0x00000057ce5ff780 points into unknown readable memory: 98 22 a9 44 f8 7f 00 00
R14=0x00000209dc5a0e68 points into unknown readable memory: 56 02 00 00 fa 00 00 00
R15=0x0000000000000040 is an unknown value


Registers:
RAX=0x0000000000000000, RBX=0x000000070217ac90, RCX=0x0000000000000014, RDX=0x0000000000000000
RSP=0x00000057ce5ff4e0, RBP=0x00000209f6350a00, RSI=0x0000020982f06ae0, RDI=0x0000020982f06ae0
R8 =0x0000000000020000, R9 =0x000000070217ac68, R10=0x000000000000000c, R11=0x000000070217ac68
R12=0x0000000000000000, R13=0x00000057ce5ff780, R14=0x00000209dc5a0e68, R15=0x0000000000000040
RIP=0x00007ff8444dd9aa, EFLAGS=0x0000000000010246

Top of Stack: (sp=0x00000057ce5ff4e0)
0x00000057ce5ff4e0:   00000000000009d4 0000020982f00001
0x00000057ce5ff4f0:   0000020982f06ae0 00007ff84451014d
0x00000057ce5ff500:   00000209dc5a0e60 00007ff8445076bb
0x00000057ce5ff510:   0000000000000256 00000057ce5ff5f0
0x00000057ce5ff520:   0000000701f3f3e8 00000209f6350900
0x00000057ce5ff530:   00000209dc595200 00007ff844513fd4
0x00000057ce5ff540:   0000000701f3f400 00000000005725d0
0x00000057ce5ff550:   00000000706c8dfe 00000000005725d0
0x00000057ce5ff560:   00000000706c8dfe 000000000057246f
0x00000057ce5ff570:   00000000706ab971 00000209830fa7e0
0x00000057ce5ff580:   00000209dc59cc40 00000209f6350900
0x00000057ce5ff590:   00000057ce5ff780 00000209f6350a00
0x00000057ce5ff5a0:   0000000701f3f400 0000000000000900
0x00000057ce5ff5b0:   0000000000000050 00007ff844514a87
0x00000057ce5ff5c0:   0000000701f35400 00000057ce5ff5e0
0x00000057ce5ff5d0:   00000057ce5ff5f0 000000070217ac91 

Instructions: (pc=0x00007ff8444dd9aa)
0x00007ff8444dd8aa:   00 00 00 e8 ae 07 03 00 48 8b 4c 24 38 4c 8b cf
0x00007ff8444dd8ba:   48 89 4c 24 28 4c 8b c5 48 8b 4c 24 30 48 8b d6
0x00007ff8444dd8ca:   48 89 4c 24 20 48 8b d8 49 8b ce e8 d6 07 35 00
0x00007ff8444dd8da:   4c 8d 9c 24 90 00 00 00 48 8b c3 49 8b 5b 10 49
0x00007ff8444dd8ea:   8b 6b 18 49 8b 73 20 49 8b 7b 28 49 8b e3 41 5e
0x00007ff8444dd8fa:   c3 cc cc cc cc cc 48 8b 81 18 01 00 00 48 2b c2
0x00007ff8444dd90a:   48 89 81 18 01 00 00 c3 cc cc cc cc cc cc cc cc
0x00007ff8444dd91a:   cc cc cc cc cc cc 80 3d c1 d5 7b 00 00 74 08 48
0x00007ff8444dd92a:   8b ca e9 3f 4a 3e 00 c3 cc cc cc cc cc cc cc cc
0x00007ff8444dd93a:   cc cc cc cc cc cc 66 c7 02 00 ff 48 8b c2 c3 cc
0x00007ff8444dd94a:   cc cc cc cc cc cc 48 89 5c 24 08 57 48 83 ec 20
0x00007ff8444dd95a:   48 8b da 48 8b f9 f6 c2 01 0f 84 00 01 00 00 8b
0x00007ff8444dd96a:   0d 21 1a 72 00 48 83 e3 fe 48 8b 47 08 44 8b 03
0x00007ff8444dd97a:   49 d3 e0 8b 88 48 04 00 00 48 8b 80 38 04 00 00
0x00007ff8444dd98a:   4c 03 05 f7 19 72 00 49 8b d0 48 d3 ea 0f b7 14
0x00007ff8444dd99a:   50 0f b7 c2 66 c1 e8 08 84 c0 0f 88 a3 01 00 00
0x00007ff8444dd9aa:   4d 8b 08 41 0f b6 c1 24 03 3c 03 75 1e 80 3d ca
0x00007ff8444dd9ba:   2c 72 00 00 74 0f 41 0f b6 c1 24 07 3c 05 75 05
0x00007ff8444dd9ca:   45 33 c9 eb 11 49 83 e1 fc eb 0b 48 8b cf e8 53
0x00007ff8444dd9da:   b8 02 00 4c 8b c8 8b 0d aa 19 72 00 49 8b c1 48
0x00007ff8444dd9ea:   2b 05 98 19 72 00 48 d3 e8 89 03 49 8b c1 8b 0d
0x00007ff8444dd9fa:   b2 30 7a 00 48 33 c3 48 d3 e8 48 85 c0 0f 84 40
0x00007ff8444dda0a:   01 00 00 48 8b 47 08 48 8b d3 48 8b 80 00 01 00
0x00007ff8444dda1a:   00 8b 48 68 48 8b 40 58 48 d3 ea 48 8b 0c d0 8b
0x00007ff8444dda2a:   81 cc 00 00 00 d1 e8 a8 01 0f 85 14 01 00 00 48
0x00007ff8444dda3a:   8b 47 08 49 8b d1 4c 8b c3 8b 88 48 04 00 00 48
0x00007ff8444dda4a:   8b 80 38 04 00 00 48 d3 ea 48 8b cf 0f b7 14 50
0x00007ff8444dda5a:   48 8b 5c 24 30 48 83 c4 20 5f e9 b7 d4 ff ff 0f
0x00007ff8444dda6a:   b6 c3 d0 e8 a8 01 0f 85 d2 00 00 00 4c 8b 02 48
0x00007ff8444dda7a:   8b 41 08 49 8b d0 8b 88 48 04 00 00 48 8b 80 38
0x00007ff8444dda8a:   04 00 00 48 d3 ea 0f b7 14 50 0f b7 c2 66 c1 e8
0x00007ff8444dda9a:   08 84 c0 0f 88 aa 00 00 00 4d 8b 08 41 0f b6 c1 


Stack slot to memory mapping:
stack at sp + 0 slots: 0x00000000000009d4 is an unknown value
stack at sp + 1 slots: 0x0000020982f00001 points into unknown readable memory: 00 00 31 bb 00 2f 59
stack at sp + 2 slots: 0x0000020982f06ae0 points into unknown readable memory: 28 12 a9 44 f8 7f 00 00
stack at sp + 3 slots: 0x00007ff84451014d jvm.dll
stack at sp + 4 slots: 0x00000209dc5a0e60 points into unknown readable memory: 56 02 00 00 00 00 00 00
stack at sp + 5 slots: 0x00007ff8445076bb jvm.dll
stack at sp + 6 slots: 0x0000000000000256 is an unknown value
stack at sp + 7 slots: 0x00000057ce5ff5f0 points into unknown readable memory: 90 20 a9 44 f8 7f 00 00


---------------  P R O C E S S  ---------------

Threads class SMR info:
_java_thread_list=0x0000020983018f80, length=15, elements={
0x00000209dc584800, 0x00000209ff9d8800, 0x00000209ff9da000, 0x00000209ff9f6000,
0x00000209ff9f9800, 0x00000209ff9fb800, 0x00000209ff9fd000, 0x00000209ffa0b000,
0x00000209ffa16000, 0x00000209ffb42000, 0x00000209ffb45000, 0x0000020982f02800,
0x0000020982fc0800, 0x000002098309e000, 0x00000209830df800
}

Java Threads: ( => current thread )
  0x00000209dc584800 JavaThread "main" [_thread_blocked, id=23272, stack(0x00000057cd300000,0x00000057cd400000)]
  0x00000209ff9d8800 JavaThread "Reference Handler" daemon [_thread_blocked, id=8124, stack(0x00000057cda00000,0x00000057cdb00000)]
  0x00000209ff9da000 JavaThread "Finalizer" daemon [_thread_blocked, id=25728, stack(0x00000057cdb00000,0x00000057cdc00000)]
  0x00000209ff9f6000 JavaThread "Signal Dispatcher" daemon [_thread_blocked, id=27844, stack(0x00000057cdc00000,0x00000057cdd00000)]
  0x00000209ff9f9800 JavaThread "Attach Listener" daemon [_thread_blocked, id=13292, stack(0x00000057cdd00000,0x00000057cde00000)]
  0x00000209ff9fb800 JavaThread "Service Thread" daemon [_thread_blocked, id=23876, stack(0x00000057cde00000,0x00000057cdf00000)]
  0x00000209ff9fd000 JavaThread "C2 CompilerThread0" daemon [_thread_blocked, id=28548, stack(0x00000057cdf00000,0x00000057ce000000)]
  0x00000209ffa0b000 JavaThread "C1 CompilerThread0" daemon [_thread_blocked, id=16728, stack(0x00000057ce000000,0x00000057ce100000)]
  0x00000209ffa16000 JavaThread "Sweeper thread" daemon [_thread_blocked, id=7508, stack(0x00000057ce100000,0x00000057ce200000)]
  0x00000209ffb42000 JavaThread "Notification Thread" daemon [_thread_blocked, id=28360, stack(0x00000057ce200000,0x00000057ce300000)]
  0x00000209ffb45000 JavaThread "Common-Cleaner" daemon [_thread_blocked, id=31824, stack(0x00000057ce400000,0x00000057ce500000)]
  0x0000020982f02800 JavaThread "C2 CompilerThread1" daemon [_thread_blocked, id=28424, stack(0x00000057ce800000,0x00000057ce900000)]
  0x0000020982fc0800 JavaThread "Thread-0" [_thread_blocked, id=9804, stack(0x00000057ce900000,0x00000057cea00000)]
  0x000002098309e000 JavaThread "restartedMain" [_thread_blocked, id=17480, stack(0x00000057cea00000,0x00000057ceb00000)]
  0x00000209830df800 JavaThread "background-preinit" [_thread_blocked, id=30148, stack(0x00000057ceb00000,0x00000057cec00000)]

Other Threads:
  0x00000209ff9d4000 VMThread "VM Thread" [stack: 0x00000057cd900000,0x00000057cda00000] [id=22488]
  0x00000209ffb43000 WatcherThread [stack: 0x00000057ce300000,0x00000057ce400000] [id=31216]
  0x00000209dc5ec000 GCTaskThread "GC Thread#0" [stack: 0x00000057cd400000,0x00000057cd500000] [id=22988]
=>0x0000020982a0e000 GCTaskThread "GC Thread#1" [stack: 0x00000057ce500000,0x00000057ce600000] [id=19524]
  0x0000020982a8d000 GCTaskThread "GC Thread#2" [stack: 0x00000057ce600000,0x00000057ce700000] [id=18252]
  0x0000020982ed8800 GCTaskThread "GC Thread#3" [stack: 0x00000057ce700000,0x00000057ce800000] [id=31560]
  0x00000209dc60e000 ConcurrentGCThread "G1 Main Marker" [stack: 0x00000057cd500000,0x00000057cd600000] [id=31888]
  0x00000209dc610000 ConcurrentGCThread "G1 Conc#0" [stack: 0x00000057cd600000,0x00000057cd700000] [id=18244]
  0x00000209ff83b000 ConcurrentGCThread "G1 Refine#0" [stack: 0x00000057cd700000,0x00000057cd800000] [id=13004]
  0x00000209ff83c000 ConcurrentGCThread "G1 Young RemSet Sampling" [stack: 0x00000057cd800000,0x00000057cd900000] [id=25780]

Threads with active compile tasks:
C2 CompilerThread0      623 1141       4       java.lang.StringLatin1::toLowerCase (186 bytes)

VM state:at safepoint (normal execution)

VM Mutex/Monitor currently owned by a thread:  ([mutex/lock_event])
[0x00000209dc57f4d0] Threads_lock - owner thread: 0x00000209ff9d4000
[0x00000209dc5813c0] Heap_lock - owner thread: 0x000002098309e000

Heap address: 0x0000000701e00000, size: 4066 MB, Compressed Oops mode: Zero based, Oop shift amount: 3
Narrow klass base: 0x0000000800000000, Narrow klass shift: 3
Compressed class space size: 1073741824 Address: 0x0000000800b30000

Heap:
 garbage-first heap   total 262144K, used 18188K [0x0000000701e00000, 0x0000000800000000)
  region size 1024K, 15 young (15360K), 1 survivors (1024K)
 Metaspace       used 6839K, capacity 8256K, committed 8448K, reserved 1056768K
  class space    used 814K, capacity 973K, committed 1024K, reserved 1048576K
Heap Regions: E=young(eden), S=young(survivor), O=old, HS=humongous(starts), HC=humongous(continues), CS=collection set, F=free, OA=open archive, CA=closed archive, TAMS=top-at-mark-start (previous, next)
|   0|0x0000000701e00000, 0x0000000701f00000, 0x0000000701f00000|100%| O|  |TAMS 0x0000000701e00000, 0x0000000701e00000| Untracked 
|   1|0x0000000701f00000, 0x0000000702000000, 0x0000000702000000|100%| O|  |TAMS 0x0000000701f00000, 0x0000000701f00000| Untracked 
|   2|0x0000000702000000, 0x0000000702100000, 0x0000000702100000|100%| O|  |TAMS 0x0000000702000000, 0x0000000702000000| Untracked 
|   3|0x0000000702100000, 0x00000007021b8c80, 0x0000000702200000| 72%| O|  |TAMS 0x0000000702100000, 0x0000000702100000| Untracked 
|   4|0x0000000702200000, 0x0000000702200000, 0x0000000702300000|  0%| F|  |TAMS 0x0000000702200000, 0x0000000702200000| Untracked 
|   5|0x0000000702300000, 0x0000000702300000, 0x0000000702400000|  0%| F|  |TAMS 0x0000000702300000, 0x0000000702300000| Untracked 
|   6|0x0000000702400000, 0x0000000702400000, 0x0000000702500000|  0%| F|  |TAMS 0x0000000702400000, 0x0000000702400000| Untracked 
|   7|0x0000000702500000, 0x0000000702500000, 0x0000000702600000|  0%| F|  |TAMS 0x0000000702500000, 0x0000000702500000| Untracked 
|   8|0x0000000702600000, 0x0000000702600000, 0x0000000702700000|  0%| F|  |TAMS 0x0000000702600000, 0x0000000702600000| Untracked 
|   9|0x0000000702700000, 0x0000000702700000, 0x0000000702800000|  0%| F|  |TAMS 0x0000000702700000, 0x0000000702700000| Untracked 
|  10|0x0000000702800000, 0x0000000702800000, 0x0000000702900000|  0%| F|  |TAMS 0x0000000702800000, 0x0000000702800000| Untracked 
|  11|0x0000000702900000, 0x0000000702900000, 0x0000000702a00000|  0%| F|  |TAMS 0x0000000702900000, 0x0000000702900000| Untracked 
|  12|0x0000000702a00000, 0x0000000702a00000, 0x0000000702b00000|  0%| F|  |TAMS 0x0000000702a00000, 0x0000000702a00000| Untracked 
|  13|0x0000000702b00000, 0x0000000702b00000, 0x0000000702c00000|  0%| F|  |TAMS 0x0000000702b00000, 0x0000000702b00000| Untracked 
|  14|0x0000000702c00000, 0x0000000702c00000, 0x0000000702d00000|  0%| F|  |TAMS 0x0000000702c00000, 0x0000000702c00000| Untracked 
|  15|0x0000000702d00000, 0x0000000702d00000, 0x0000000702e00000|  0%| F|  |TAMS 0x0000000702d00000, 0x0000000702d00000| Untracked 
|  16|0x0000000702e00000, 0x0000000702e00000, 0x0000000702f00000|  0%| F|  |TAMS 0x0000000702e00000, 0x0000000702e00000| Untracked 
|  17|0x0000000702f00000, 0x0000000702f00000, 0x0000000703000000|  0%| F|  |TAMS 0x0000000702f00000, 0x0000000702f00000| Untracked 
|  18|0x0000000703000000, 0x0000000703000000, 0x0000000703100000|  0%| F|  |TAMS 0x0000000703000000, 0x0000000703000000| Untracked 
|  19|0x0000000703100000, 0x0000000703100000, 0x0000000703200000|  0%| F|  |TAMS 0x0000000703100000, 0x0000000703100000| Untracked 
|  20|0x0000000703200000, 0x0000000703200000, 0x0000000703300000|  0%| F|  |TAMS 0x0000000703200000, 0x0000000703200000| Untracked 
|  21|0x0000000703300000, 0x0000000703300000, 0x0000000703400000|  0%| F|  |TAMS 0x0000000703300000, 0x0000000703300000| Untracked 
|  22|0x0000000703400000, 0x0000000703400000, 0x0000000703500000|  0%| F|  |TAMS 0x0000000703400000, 0x0000000703400000| Untracked 
|  23|0x0000000703500000, 0x0000000703500000, 0x0000000703600000|  0%| F|  |TAMS 0x0000000703500000, 0x0000000703500000| Untracked 
|  24|0x0000000703600000, 0x0000000703600000, 0x0000000703700000|  0%| F|  |TAMS 0x0000000703600000, 0x0000000703600000| Untracked 
|  25|0x0000000703700000, 0x0000000703700000, 0x0000000703800000|  0%| F|  |TAMS 0x0000000703700000, 0x0000000703700000| Untracked 
|  26|0x0000000703800000, 0x0000000703800000, 0x0000000703900000|  0%| F|  |TAMS 0x0000000703800000, 0x0000000703800000| Untracked 
|  27|0x0000000703900000, 0x0000000703900000, 0x0000000703a00000|  0%| F|  |TAMS 0x0000000703900000, 0x0000000703900000| Untracked 
|  28|0x0000000703a00000, 0x0000000703a00000, 0x0000000703b00000|  0%| F|  |TAMS 0x0000000703a00000, 0x0000000703a00000| Untracked 
|  29|0x0000000703b00000, 0x0000000703b00000, 0x0000000703c00000|  0%| F|  |TAMS 0x0000000703b00000, 0x0000000703b00000| Untracked 
|  30|0x0000000703c00000, 0x0000000703c00000, 0x0000000703d00000|  0%| F|  |TAMS 0x0000000703c00000, 0x0000000703c00000| Untracked 
|  31|0x0000000703d00000, 0x0000000703d00000, 0x0000000703e00000|  0%| F|  |TAMS 0x0000000703d00000, 0x0000000703d00000| Untracked 
|  32|0x0000000703e00000, 0x0000000703e00000, 0x0000000703f00000|  0%| F|  |TAMS 0x0000000703e00000, 0x0000000703e00000| Untracked 
|  33|0x0000000703f00000, 0x0000000703f00000, 0x0000000704000000|  0%| F|  |TAMS 0x0000000703f00000, 0x0000000703f00000| Untracked 
|  34|0x0000000704000000, 0x0000000704000000, 0x0000000704100000|  0%| F|  |TAMS 0x0000000704000000, 0x0000000704000000| Untracked 
|  35|0x0000000704100000, 0x0000000704100000, 0x0000000704200000|  0%| F|  |TAMS 0x0000000704100000, 0x0000000704100000| Untracked 
|  36|0x0000000704200000, 0x0000000704200000, 0x0000000704300000|  0%| F|  |TAMS 0x0000000704200000, 0x0000000704200000| Untracked 
|  37|0x0000000704300000, 0x0000000704300000, 0x0000000704400000|  0%| F|  |TAMS 0x0000000704300000, 0x0000000704300000| Untracked 
|  38|0x0000000704400000, 0x0000000704400000, 0x0000000704500000|  0%| F|  |TAMS 0x0000000704400000, 0x0000000704400000| Untracked 
|  39|0x0000000704500000, 0x0000000704500000, 0x0000000704600000|  0%| F|  |TAMS 0x0000000704500000, 0x0000000704500000| Untracked 
|  40|0x0000000704600000, 0x0000000704600000, 0x0000000704700000|  0%| F|  |TAMS 0x0000000704600000, 0x0000000704600000| Untracked 
|  41|0x0000000704700000, 0x0000000704700000, 0x0000000704800000|  0%| F|  |TAMS 0x0000000704700000, 0x0000000704700000| Untracked 
|  42|0x0000000704800000, 0x0000000704800000, 0x0000000704900000|  0%| F|  |TAMS 0x0000000704800000, 0x0000000704800000| Untracked 
|  43|0x0000000704900000, 0x0000000704900000, 0x0000000704a00000|  0%| F|  |TAMS 0x0000000704900000, 0x0000000704900000| Untracked 
|  44|0x0000000704a00000, 0x0000000704a00000, 0x0000000704b00000|  0%| F|  |TAMS 0x0000000704a00000, 0x0000000704a00000| Untracked 
|  45|0x0000000704b00000, 0x0000000704b00000, 0x0000000704c00000|  0%| F|  |TAMS 0x0000000704b00000, 0x0000000704b00000| Untracked 
|  46|0x0000000704c00000, 0x0000000704c00000, 0x0000000704d00000|  0%| F|  |TAMS 0x0000000704c00000, 0x0000000704c00000| Untracked 
|  47|0x0000000704d00000, 0x0000000704d00000, 0x0000000704e00000|  0%| F|  |TAMS 0x0000000704d00000, 0x0000000704d00000| Untracked 
|  48|0x0000000704e00000, 0x0000000704e00000, 0x0000000704f00000|  0%| F|  |TAMS 0x0000000704e00000, 0x0000000704e00000| Untracked 
|  49|0x0000000704f00000, 0x0000000704f00000, 0x0000000705000000|  0%| F|  |TAMS 0x0000000704f00000, 0x0000000704f00000| Untracked 
|  50|0x0000000705000000, 0x0000000705000000, 0x0000000705100000|  0%| F|  |TAMS 0x0000000705000000, 0x0000000705000000| Untracked 
|  51|0x0000000705100000, 0x0000000705100000, 0x0000000705200000|  0%| F|  |TAMS 0x0000000705100000, 0x0000000705100000| Untracked 
|  52|0x0000000705200000, 0x0000000705200000, 0x0000000705300000|  0%| F|  |TAMS 0x0000000705200000, 0x0000000705200000| Untracked 
|  53|0x0000000705300000, 0x0000000705300000, 0x0000000705400000|  0%| F|  |TAMS 0x0000000705300000, 0x0000000705300000| Untracked 
|  54|0x0000000705400000, 0x0000000705400000, 0x0000000705500000|  0%| F|  |TAMS 0x0000000705400000, 0x0000000705400000| Untracked 
|  55|0x0000000705500000, 0x0000000705500000, 0x0000000705600000|  0%| F|  |TAMS 0x0000000705500000, 0x0000000705500000| Untracked 
|  56|0x0000000705600000, 0x0000000705600000, 0x0000000705700000|  0%| F|  |TAMS 0x0000000705600000, 0x0000000705600000| Untracked 
|  57|0x0000000705700000, 0x0000000705700000, 0x0000000705800000|  0%| F|  |TAMS 0x0000000705700000, 0x0000000705700000| Untracked 
|  58|0x0000000705800000, 0x0000000705800000, 0x0000000705900000|  0%| F|  |TAMS 0x0000000705800000, 0x0000000705800000| Untracked 
|  59|0x0000000705900000, 0x0000000705900000, 0x0000000705a00000|  0%| F|  |TAMS 0x0000000705900000, 0x0000000705900000| Untracked 
|  60|0x0000000705a00000, 0x0000000705a00000, 0x0000000705b00000|  0%| F|  |TAMS 0x0000000705a00000, 0x0000000705a00000| Untracked 
|  61|0x0000000705b00000, 0x0000000705b00000, 0x0000000705c00000|  0%| F|  |TAMS 0x0000000705b00000, 0x0000000705b00000| Untracked 
|  62|0x0000000705c00000, 0x0000000705c00000, 0x0000000705d00000|  0%| F|  |TAMS 0x0000000705c00000, 0x0000000705c00000| Untracked 
|  63|0x0000000705d00000, 0x0000000705d00000, 0x0000000705e00000|  0%| F|  |TAMS 0x0000000705d00000, 0x0000000705d00000| Untracked 
|  64|0x0000000705e00000, 0x0000000705e00000, 0x0000000705f00000|  0%| F|  |TAMS 0x0000000705e00000, 0x0000000705e00000| Untracked 
|  65|0x0000000705f00000, 0x0000000705f00000, 0x0000000706000000|  0%| F|  |TAMS 0x0000000705f00000, 0x0000000705f00000| Untracked 
|  66|0x0000000706000000, 0x0000000706000000, 0x0000000706100000|  0%| F|  |TAMS 0x0000000706000000, 0x0000000706000000| Untracked 
|  67|0x0000000706100000, 0x0000000706100000, 0x0000000706200000|  0%| F|  |TAMS 0x0000000706100000, 0x0000000706100000| Untracked 
|  68|0x0000000706200000, 0x0000000706200000, 0x0000000706300000|  0%| F|  |TAMS 0x0000000706200000, 0x0000000706200000| Untracked 
|  69|0x0000000706300000, 0x0000000706300000, 0x0000000706400000|  0%| F|  |TAMS 0x0000000706300000, 0x0000000706300000| Untracked 
|  70|0x0000000706400000, 0x0000000706400000, 0x0000000706500000|  0%| F|  |TAMS 0x0000000706400000, 0x0000000706400000| Untracked 
|  71|0x0000000706500000, 0x0000000706500000, 0x0000000706600000|  0%| F|  |TAMS 0x0000000706500000, 0x0000000706500000| Untracked 
|  72|0x0000000706600000, 0x0000000706600000, 0x0000000706700000|  0%| F|  |TAMS 0x0000000706600000, 0x0000000706600000| Untracked 
|  73|0x0000000706700000, 0x0000000706700000, 0x0000000706800000|  0%| F|  |TAMS 0x0000000706700000, 0x0000000706700000| Untracked 
|  74|0x0000000706800000, 0x0000000706800000, 0x0000000706900000|  0%| F|  |TAMS 0x0000000706800000, 0x0000000706800000| Untracked 
|  75|0x0000000706900000, 0x0000000706900000, 0x0000000706a00000|  0%| F|  |TAMS 0x0000000706900000, 0x0000000706900000| Untracked 
|  76|0x0000000706a00000, 0x0000000706a00000, 0x0000000706b00000|  0%| F|  |TAMS 0x0000000706a00000, 0x0000000706a00000| Untracked 
|  77|0x0000000706b00000, 0x0000000706b00000, 0x0000000706c00000|  0%| F|  |TAMS 0x0000000706b00000, 0x0000000706b00000| Untracked 
|  78|0x0000000706c00000, 0x0000000706c00000, 0x0000000706d00000|  0%| F|  |TAMS 0x0000000706c00000, 0x0000000706c00000| Untracked 
|  79|0x0000000706d00000, 0x0000000706d00000, 0x0000000706e00000|  0%| F|  |TAMS 0x0000000706d00000, 0x0000000706d00000| Untracked 
|  80|0x0000000706e00000, 0x0000000706e00000, 0x0000000706f00000|  0%| F|  |TAMS 0x0000000706e00000, 0x0000000706e00000| Untracked 
|  81|0x0000000706f00000, 0x0000000706f00000, 0x0000000707000000|  0%| F|  |TAMS 0x0000000706f00000, 0x0000000706f00000| Untracked 
|  82|0x0000000707000000, 0x0000000707000000, 0x0000000707100000|  0%| F|  |TAMS 0x0000000707000000, 0x0000000707000000| Untracked 
|  83|0x0000000707100000, 0x0000000707100000, 0x0000000707200000|  0%| F|  |TAMS 0x0000000707100000, 0x0000000707100000| Untracked 
|  84|0x0000000707200000, 0x0000000707200000, 0x0000000707300000|  0%| F|  |TAMS 0x0000000707200000, 0x0000000707200000| Untracked 
|  85|0x0000000707300000, 0x0000000707300000, 0x0000000707400000|  0%| F|  |TAMS 0x0000000707300000, 0x0000000707300000| Untracked 
|  86|0x0000000707400000, 0x0000000707400000, 0x0000000707500000|  0%| F|  |TAMS 0x0000000707400000, 0x0000000707400000| Untracked 
|  87|0x0000000707500000, 0x0000000707500000, 0x0000000707600000|  0%| F|  |TAMS 0x0000000707500000, 0x0000000707500000| Untracked 
|  88|0x0000000707600000, 0x0000000707600000, 0x0000000707700000|  0%| F|  |TAMS 0x0000000707600000, 0x0000000707600000| Untracked 
|  89|0x0000000707700000, 0x0000000707700000, 0x0000000707800000|  0%| F|  |TAMS 0x0000000707700000, 0x0000000707700000| Untracked 
|  90|0x0000000707800000, 0x0000000707800000, 0x0000000707900000|  0%| F|  |TAMS 0x0000000707800000, 0x0000000707800000| Untracked 
|  91|0x0000000707900000, 0x0000000707900000, 0x0000000707a00000|  0%| F|  |TAMS 0x0000000707900000, 0x0000000707900000| Untracked 
|  92|0x0000000707a00000, 0x0000000707a00000, 0x0000000707b00000|  0%| F|  |TAMS 0x0000000707a00000, 0x0000000707a00000| Untracked 
|  93|0x0000000707b00000, 0x0000000707b00000, 0x0000000707c00000|  0%| F|  |TAMS 0x0000000707b00000, 0x0000000707b00000| Untracked 
|  94|0x0000000707c00000, 0x0000000707c00000, 0x0000000707d00000|  0%| F|  |TAMS 0x0000000707c00000, 0x0000000707c00000| Untracked 
|  95|0x0000000707d00000, 0x0000000707d00000, 0x0000000707e00000|  0%| F|  |TAMS 0x0000000707d00000, 0x0000000707d00000| Untracked 
|  96|0x0000000707e00000, 0x0000000707e00000, 0x0000000707f00000|  0%| F|  |TAMS 0x0000000707e00000, 0x0000000707e00000| Untracked 
|  97|0x0000000707f00000, 0x0000000707f00000, 0x0000000708000000|  0%| F|  |TAMS 0x0000000707f00000, 0x0000000707f00000| Untracked 
|  98|0x0000000708000000, 0x0000000708000000, 0x0000000708100000|  0%| F|  |TAMS 0x0000000708000000, 0x0000000708000000| Untracked 
|  99|0x0000000708100000, 0x0000000708100000, 0x0000000708200000|  0%| F|  |TAMS 0x0000000708100000, 0x0000000708100000| Untracked 
| 100|0x0000000708200000, 0x0000000708200000, 0x0000000708300000|  0%| F|  |TAMS 0x0000000708200000, 0x0000000708200000| Untracked 
| 101|0x0000000708300000, 0x0000000708300000, 0x0000000708400000|  0%| F|  |TAMS 0x0000000708300000, 0x0000000708300000| Untracked 
| 102|0x0000000708400000, 0x0000000708400000, 0x0000000708500000|  0%| F|  |TAMS 0x0000000708400000, 0x0000000708400000| Untracked 
| 103|0x0000000708500000, 0x0000000708500000, 0x0000000708600000|  0%| F|  |TAMS 0x0000000708500000, 0x0000000708500000| Untracked 
| 104|0x0000000708600000, 0x0000000708600000, 0x0000000708700000|  0%| F|  |TAMS 0x0000000708600000, 0x0000000708600000| Untracked 
| 105|0x0000000708700000, 0x0000000708700000, 0x0000000708800000|  0%| F|  |TAMS 0x0000000708700000, 0x0000000708700000| Untracked 
| 106|0x0000000708800000, 0x0000000708800000, 0x0000000708900000|  0%| F|  |TAMS 0x0000000708800000, 0x0000000708800000| Untracked 
| 107|0x0000000708900000, 0x0000000708900000, 0x0000000708a00000|  0%| F|  |TAMS 0x0000000708900000, 0x0000000708900000| Untracked 
| 108|0x0000000708a00000, 0x0000000708a00000, 0x0000000708b00000|  0%| F|  |TAMS 0x0000000708a00000, 0x0000000708a00000| Untracked 
| 109|0x0000000708b00000, 0x0000000708b00000, 0x0000000708c00000|  0%| F|  |TAMS 0x0000000708b00000, 0x0000000708b00000| Untracked 
| 110|0x0000000708c00000, 0x0000000708c00000, 0x0000000708d00000|  0%| F|  |TAMS 0x0000000708c00000, 0x0000000708c00000| Untracked 
| 111|0x0000000708d00000, 0x0000000708d00000, 0x0000000708e00000|  0%| F|  |TAMS 0x0000000708d00000, 0x0000000708d00000| Untracked 
| 112|0x0000000708e00000, 0x0000000708e00000, 0x0000000708f00000|  0%| F|  |TAMS 0x0000000708e00000, 0x0000000708e00000| Untracked 
| 113|0x0000000708f00000, 0x0000000708f00000, 0x0000000709000000|  0%| F|  |TAMS 0x0000000708f00000, 0x0000000708f00000| Untracked 
| 114|0x0000000709000000, 0x0000000709000000, 0x0000000709100000|  0%| F|  |TAMS 0x0000000709000000, 0x0000000709000000| Untracked 
| 115|0x0000000709100000, 0x0000000709100000, 0x0000000709200000|  0%| F|  |TAMS 0x0000000709100000, 0x0000000709100000| Untracked 
| 116|0x0000000709200000, 0x0000000709200000, 0x0000000709300000|  0%| F|  |TAMS 0x0000000709200000, 0x0000000709200000| Untracked 
| 117|0x0000000709300000, 0x0000000709300000, 0x0000000709400000|  0%| F|  |TAMS 0x0000000709300000, 0x0000000709300000| Untracked 
| 118|0x0000000709400000, 0x0000000709400000, 0x0000000709500000|  0%| F|  |TAMS 0x0000000709400000, 0x0000000709400000| Untracked 
| 119|0x0000000709500000, 0x0000000709500000, 0x0000000709600000|  0%| F|  |TAMS 0x0000000709500000, 0x0000000709500000| Untracked 
| 120|0x0000000709600000, 0x0000000709600000, 0x0000000709700000|  0%| F|  |TAMS 0x0000000709600000, 0x0000000709600000| Untracked 
| 121|0x0000000709700000, 0x0000000709700000, 0x0000000709800000|  0%| F|  |TAMS 0x0000000709700000, 0x0000000709700000| Untracked 
| 122|0x0000000709800000, 0x0000000709800000, 0x0000000709900000|  0%| F|  |TAMS 0x0000000709800000, 0x0000000709800000| Untracked 
| 123|0x0000000709900000, 0x0000000709900000, 0x0000000709a00000|  0%| F|  |TAMS 0x0000000709900000, 0x0000000709900000| Untracked 
| 124|0x0000000709a00000, 0x0000000709a00000, 0x0000000709b00000|  0%| F|  |TAMS 0x0000000709a00000, 0x0000000709a00000| Untracked 
| 125|0x0000000709b00000, 0x0000000709b00000, 0x0000000709c00000|  0%| F|  |TAMS 0x0000000709b00000, 0x0000000709b00000| Untracked 
| 126|0x0000000709c00000, 0x0000000709c00000, 0x0000000709d00000|  0%| F|  |TAMS 0x0000000709c00000, 0x0000000709c00000| Untracked 
| 127|0x0000000709d00000, 0x0000000709d00000, 0x0000000709e00000|  0%| F|  |TAMS 0x0000000709d00000, 0x0000000709d00000| Untracked 
| 128|0x0000000709e00000, 0x0000000709e00000, 0x0000000709f00000|  0%| F|  |TAMS 0x0000000709e00000, 0x0000000709e00000| Untracked 
| 129|0x0000000709f00000, 0x0000000709f00000, 0x000000070a000000|  0%| F|  |TAMS 0x0000000709f00000, 0x0000000709f00000| Untracked 
| 130|0x000000070a000000, 0x000000070a000000, 0x000000070a100000|  0%| F|  |TAMS 0x000000070a000000, 0x000000070a000000| Untracked 
| 131|0x000000070a100000, 0x000000070a100000, 0x000000070a200000|  0%| F|  |TAMS 0x000000070a100000, 0x000000070a100000| Untracked 
| 132|0x000000070a200000, 0x000000070a200000, 0x000000070a300000|  0%| F|  |TAMS 0x000000070a200000, 0x000000070a200000| Untracked 
| 133|0x000000070a300000, 0x000000070a300000, 0x000000070a400000|  0%| F|  |TAMS 0x000000070a300000, 0x000000070a300000| Untracked 
| 134|0x000000070a400000, 0x000000070a400000, 0x000000070a500000|  0%| F|  |TAMS 0x000000070a400000, 0x000000070a400000| Untracked 
| 135|0x000000070a500000, 0x000000070a500000, 0x000000070a600000|  0%| F|  |TAMS 0x000000070a500000, 0x000000070a500000| Untracked 
| 136|0x000000070a600000, 0x000000070a600000, 0x000000070a700000|  0%| F|  |TAMS 0x000000070a600000, 0x000000070a600000| Untracked 
| 137|0x000000070a700000, 0x000000070a700000, 0x000000070a800000|  0%| F|  |TAMS 0x000000070a700000, 0x000000070a700000| Untracked 
| 138|0x000000070a800000, 0x000000070a800000, 0x000000070a900000|  0%| F|  |TAMS 0x000000070a800000, 0x000000070a800000| Untracked 
| 139|0x000000070a900000, 0x000000070a900000, 0x000000070aa00000|  0%| F|  |TAMS 0x000000070a900000, 0x000000070a900000| Untracked 
| 140|0x000000070aa00000, 0x000000070aa00000, 0x000000070ab00000|  0%| F|  |TAMS 0x000000070aa00000, 0x000000070aa00000| Untracked 
| 141|0x000000070ab00000, 0x000000070ab00000, 0x000000070ac00000|  0%| F|  |TAMS 0x000000070ab00000, 0x000000070ab00000| Untracked 
| 142|0x000000070ac00000, 0x000000070ac00000, 0x000000070ad00000|  0%| F|  |TAMS 0x000000070ac00000, 0x000000070ac00000| Untracked 
| 143|0x000000070ad00000, 0x000000070ad00000, 0x000000070ae00000|  0%| F|  |TAMS 0x000000070ad00000, 0x000000070ad00000| Untracked 
| 144|0x000000070ae00000, 0x000000070ae00000, 0x000000070af00000|  0%| F|  |TAMS 0x000000070ae00000, 0x000000070ae00000| Untracked 
| 145|0x000000070af00000, 0x000000070af00000, 0x000000070b000000|  0%| F|  |TAMS 0x000000070af00000, 0x000000070af00000| Untracked 
| 146|0x000000070b000000, 0x000000070b000000, 0x000000070b100000|  0%| F|  |TAMS 0x000000070b000000, 0x000000070b000000| Untracked 
| 147|0x000000070b100000, 0x000000070b100000, 0x000000070b200000|  0%| F|  |TAMS 0x000000070b100000, 0x000000070b100000| Untracked 
| 148|0x000000070b200000, 0x000000070b200000, 0x000000070b300000|  0%| F|  |TAMS 0x000000070b200000, 0x000000070b200000| Untracked 
| 149|0x000000070b300000, 0x000000070b300000, 0x000000070b400000|  0%| F|  |TAMS 0x000000070b300000, 0x000000070b300000| Untracked 
| 150|0x000000070b400000, 0x000000070b400000, 0x000000070b500000|  0%| F|  |TAMS 0x000000070b400000, 0x000000070b400000| Untracked 
| 151|0x000000070b500000, 0x000000070b500000, 0x000000070b600000|  0%| F|  |TAMS 0x000000070b500000, 0x000000070b500000| Untracked 
| 152|0x000000070b600000, 0x000000070b600000, 0x000000070b700000|  0%| F|  |TAMS 0x000000070b600000, 0x000000070b600000| Untracked 
| 153|0x000000070b700000, 0x000000070b700000, 0x000000070b800000|  0%| F|  |TAMS 0x000000070b700000, 0x000000070b700000| Untracked 
| 154|0x000000070b800000, 0x000000070b800000, 0x000000070b900000|  0%| F|  |TAMS 0x000000070b800000, 0x000000070b800000| Untracked 
| 155|0x000000070b900000, 0x000000070b900000, 0x000000070ba00000|  0%| F|  |TAMS 0x000000070b900000, 0x000000070b900000| Untracked 
| 156|0x000000070ba00000, 0x000000070ba00000, 0x000000070bb00000|  0%| F|  |TAMS 0x000000070ba00000, 0x000000070ba00000| Untracked 
| 157|0x000000070bb00000, 0x000000070bb00000, 0x000000070bc00000|  0%| F|  |TAMS 0x000000070bb00000, 0x000000070bb00000| Untracked 
| 158|0x000000070bc00000, 0x000000070bc00000, 0x000000070bd00000|  0%| F|  |TAMS 0x000000070bc00000, 0x000000070bc00000| Untracked 
| 159|0x000000070bd00000, 0x000000070bd00000, 0x000000070be00000|  0%| F|  |TAMS 0x000000070bd00000, 0x000000070bd00000| Untracked 
| 160|0x000000070be00000, 0x000000070be00000, 0x000000070bf00000|  0%| F|  |TAMS 0x000000070be00000, 0x000000070be00000| Untracked 
| 161|0x000000070bf00000, 0x000000070bf00000, 0x000000070c000000|  0%| F|  |TAMS 0x000000070bf00000, 0x000000070bf00000| Untracked 
| 162|0x000000070c000000, 0x000000070c000000, 0x000000070c100000|  0%| F|  |TAMS 0x000000070c000000, 0x000000070c000000| Untracked 
| 163|0x000000070c100000, 0x000000070c100000, 0x000000070c200000|  0%| F|  |TAMS 0x000000070c100000, 0x000000070c100000| Untracked 
| 164|0x000000070c200000, 0x000000070c200000, 0x000000070c300000|  0%| F|  |TAMS 0x000000070c200000, 0x000000070c200000| Untracked 
| 165|0x000000070c300000, 0x000000070c300000, 0x000000070c400000|  0%| F|  |TAMS 0x000000070c300000, 0x000000070c300000| Untracked 
| 166|0x000000070c400000, 0x000000070c400000, 0x000000070c500000|  0%| F|  |TAMS 0x000000070c400000, 0x000000070c400000| Untracked 
| 167|0x000000070c500000, 0x000000070c500000, 0x000000070c600000|  0%| F|  |TAMS 0x000000070c500000, 0x000000070c500000| Untracked 
| 168|0x000000070c600000, 0x000000070c600000, 0x000000070c700000|  0%| F|  |TAMS 0x000000070c600000, 0x000000070c600000| Untracked 
| 169|0x000000070c700000, 0x000000070c700000, 0x000000070c800000|  0%| F|  |TAMS 0x000000070c700000, 0x000000070c700000| Untracked 
| 170|0x000000070c800000, 0x000000070c800000, 0x000000070c900000|  0%| F|  |TAMS 0x000000070c800000, 0x000000070c800000| Untracked 
| 171|0x000000070c900000, 0x000000070c900000, 0x000000070ca00000|  0%| F|  |TAMS 0x000000070c900000, 0x000000070c900000| Untracked 
| 172|0x000000070ca00000, 0x000000070ca00000, 0x000000070cb00000|  0%| F|  |TAMS 0x000000070ca00000, 0x000000070ca00000| Untracked 
| 173|0x000000070cb00000, 0x000000070cb00000, 0x000000070cc00000|  0%| F|  |TAMS 0x000000070cb00000, 0x000000070cb00000| Untracked 
| 174|0x000000070cc00000, 0x000000070cc00000, 0x000000070cd00000|  0%| F|  |TAMS 0x000000070cc00000, 0x000000070cc00000| Untracked 
| 175|0x000000070cd00000, 0x000000070cd00000, 0x000000070ce00000|  0%| F|  |TAMS 0x000000070cd00000, 0x000000070cd00000| Untracked 
| 176|0x000000070ce00000, 0x000000070ce00000, 0x000000070cf00000|  0%| F|  |TAMS 0x000000070ce00000, 0x000000070ce00000| Untracked 
| 177|0x000000070cf00000, 0x000000070cf00000, 0x000000070d000000|  0%| F|  |TAMS 0x000000070cf00000, 0x000000070cf00000| Untracked 
| 178|0x000000070d000000, 0x000000070d000000, 0x000000070d100000|  0%| F|  |TAMS 0x000000070d000000, 0x000000070d000000| Untracked 
| 179|0x000000070d100000, 0x000000070d100000, 0x000000070d200000|  0%| F|  |TAMS 0x000000070d100000, 0x000000070d100000| Untracked 
| 180|0x000000070d200000, 0x000000070d200000, 0x000000070d300000|  0%| F|  |TAMS 0x000000070d200000, 0x000000070d200000| Untracked 
| 181|0x000000070d300000, 0x000000070d300000, 0x000000070d400000|  0%| F|  |TAMS 0x000000070d300000, 0x000000070d300000| Untracked 
| 182|0x000000070d400000, 0x000000070d400000, 0x000000070d500000|  0%| F|  |TAMS 0x000000070d400000, 0x000000070d400000| Untracked 
| 183|0x000000070d500000, 0x000000070d500000, 0x000000070d600000|  0%| F|  |TAMS 0x000000070d500000, 0x000000070d500000| Untracked 
| 184|0x000000070d600000, 0x000000070d600000, 0x000000070d700000|  0%| F|  |TAMS 0x000000070d600000, 0x000000070d600000| Untracked 
| 185|0x000000070d700000, 0x000000070d700000, 0x000000070d800000|  0%| F|  |TAMS 0x000000070d700000, 0x000000070d700000| Untracked 
| 186|0x000000070d800000, 0x000000070d800000, 0x000000070d900000|  0%| F|  |TAMS 0x000000070d800000, 0x000000070d800000| Untracked 
| 187|0x000000070d900000, 0x000000070d900000, 0x000000070da00000|  0%| F|  |TAMS 0x000000070d900000, 0x000000070d900000| Untracked 
| 188|0x000000070da00000, 0x000000070da00000, 0x000000070db00000|  0%| F|  |TAMS 0x000000070da00000, 0x000000070da00000| Untracked 
| 189|0x000000070db00000, 0x000000070db00000, 0x000000070dc00000|  0%| F|  |TAMS 0x000000070db00000, 0x000000070db00000| Untracked 
| 190|0x000000070dc00000, 0x000000070dc00000, 0x000000070dd00000|  0%| F|  |TAMS 0x000000070dc00000, 0x000000070dc00000| Untracked 
| 191|0x000000070dd00000, 0x000000070dd00000, 0x000000070de00000|  0%| F|  |TAMS 0x000000070dd00000, 0x000000070dd00000| Untracked 
| 192|0x000000070de00000, 0x000000070de00000, 0x000000070df00000|  0%| F|  |TAMS 0x000000070de00000, 0x000000070de00000| Untracked 
| 193|0x000000070df00000, 0x000000070df00000, 0x000000070e000000|  0%| F|  |TAMS 0x000000070df00000, 0x000000070df00000| Untracked 
| 194|0x000000070e000000, 0x000000070e000000, 0x000000070e100000|  0%| F|  |TAMS 0x000000070e000000, 0x000000070e000000| Untracked 
| 195|0x000000070e100000, 0x000000070e100000, 0x000000070e200000|  0%| F|  |TAMS 0x000000070e100000, 0x000000070e100000| Untracked 
| 196|0x000000070e200000, 0x000000070e200000, 0x000000070e300000|  0%| F|  |TAMS 0x000000070e200000, 0x000000070e200000| Untracked 
| 197|0x000000070e300000, 0x000000070e300000, 0x000000070e400000|  0%| F|  |TAMS 0x000000070e300000, 0x000000070e300000| Untracked 
| 198|0x000000070e400000, 0x000000070e400000, 0x000000070e500000|  0%| F|  |TAMS 0x000000070e400000, 0x000000070e400000| Untracked 
| 199|0x000000070e500000, 0x000000070e500000, 0x000000070e600000|  0%| F|  |TAMS 0x000000070e500000, 0x000000070e500000| Untracked 
| 200|0x000000070e600000, 0x000000070e600000, 0x000000070e700000|  0%| F|  |TAMS 0x000000070e600000, 0x000000070e600000| Untracked 
| 201|0x000000070e700000, 0x000000070e700000, 0x000000070e800000|  0%| F|  |TAMS 0x000000070e700000, 0x000000070e700000| Untracked 
| 202|0x000000070e800000, 0x000000070e800000, 0x000000070e900000|  0%| F|  |TAMS 0x000000070e800000, 0x000000070e800000| Untracked 
| 203|0x000000070e900000, 0x000000070e900000, 0x000000070ea00000|  0%| F|  |TAMS 0x000000070e900000, 0x000000070e900000| Untracked 
| 204|0x000000070ea00000, 0x000000070ea00000, 0x000000070eb00000|  0%| F|  |TAMS 0x000000070ea00000, 0x000000070ea00000| Untracked 
| 205|0x000000070eb00000, 0x000000070eb00000, 0x000000070ec00000|  0%| F|  |TAMS 0x000000070eb00000, 0x000000070eb00000| Untracked 
| 206|0x000000070ec00000, 0x000000070ec00000, 0x000000070ed00000|  0%| F|  |TAMS 0x000000070ec00000, 0x000000070ec00000| Untracked 
| 207|0x000000070ed00000, 0x000000070ed00000, 0x000000070ee00000|  0%| F|  |TAMS 0x000000070ed00000, 0x000000070ed00000| Untracked 
| 208|0x000000070ee00000, 0x000000070ee00000, 0x000000070ef00000|  0%| F|  |TAMS 0x000000070ee00000, 0x000000070ee00000| Untracked 
| 209|0x000000070ef00000, 0x000000070ef00000, 0x000000070f000000|  0%| F|  |TAMS 0x000000070ef00000, 0x000000070ef00000| Untracked 
| 210|0x000000070f000000, 0x000000070f000000, 0x000000070f100000|  0%| F|  |TAMS 0x000000070f000000, 0x000000070f000000| Untracked 
| 211|0x000000070f100000, 0x000000070f100000, 0x000000070f200000|  0%| F|  |TAMS 0x000000070f100000, 0x000000070f100000| Untracked 
| 212|0x000000070f200000, 0x000000070f200000, 0x000000070f300000|  0%| F|  |TAMS 0x000000070f200000, 0x000000070f200000| Untracked 
| 213|0x000000070f300000, 0x000000070f300000, 0x000000070f400000|  0%| F|  |TAMS 0x000000070f300000, 0x000000070f300000| Untracked 
| 214|0x000000070f400000, 0x000000070f400000, 0x000000070f500000|  0%| F|  |TAMS 0x000000070f400000, 0x000000070f400000| Untracked 
| 215|0x000000070f500000, 0x000000070f500000, 0x000000070f600000|  0%| F|  |TAMS 0x000000070f500000, 0x000000070f500000| Untracked 
| 216|0x000000070f600000, 0x000000070f600000, 0x000000070f700000|  0%| F|  |TAMS 0x000000070f600000, 0x000000070f600000| Untracked 
| 217|0x000000070f700000, 0x000000070f700000, 0x000000070f800000|  0%| F|  |TAMS 0x000000070f700000, 0x000000070f700000| Untracked 
| 218|0x000000070f800000, 0x000000070f800000, 0x000000070f900000|  0%| F|  |TAMS 0x000000070f800000, 0x000000070f800000| Untracked 
| 219|0x000000070f900000, 0x000000070f900000, 0x000000070fa00000|  0%| F|  |TAMS 0x000000070f900000, 0x000000070f900000| Untracked 
| 220|0x000000070fa00000, 0x000000070fa00000, 0x000000070fb00000|  0%| F|  |TAMS 0x000000070fa00000, 0x000000070fa00000| Untracked 
| 221|0x000000070fb00000, 0x000000070fb00000, 0x000000070fc00000|  0%| F|  |TAMS 0x000000070fb00000, 0x000000070fb00000| Untracked 
| 222|0x000000070fc00000, 0x000000070fc00000, 0x000000070fd00000|  0%| F|  |TAMS 0x000000070fc00000, 0x000000070fc00000| Untracked 
| 223|0x000000070fd00000, 0x000000070fd00000, 0x000000070fe00000|  0%| F|  |TAMS 0x000000070fd00000, 0x000000070fd00000| Untracked 
| 224|0x000000070fe00000, 0x000000070fe00000, 0x000000070ff00000|  0%| F|  |TAMS 0x000000070fe00000, 0x000000070fe00000| Untracked 
| 225|0x000000070ff00000, 0x000000070ff00000, 0x0000000710000000|  0%| F|  |TAMS 0x000000070ff00000, 0x000000070ff00000| Untracked 
| 226|0x0000000710000000, 0x0000000710000000, 0x0000000710100000|  0%| F|  |TAMS 0x0000000710000000, 0x0000000710000000| Untracked 
| 227|0x0000000710100000, 0x0000000710100000, 0x0000000710200000|  0%| F|  |TAMS 0x0000000710100000, 0x0000000710100000| Untracked 
| 228|0x0000000710200000, 0x0000000710200000, 0x0000000710300000|  0%| F|  |TAMS 0x0000000710200000, 0x0000000710200000| Untracked 
| 229|0x0000000710300000, 0x0000000710300000, 0x0000000710400000|  0%| F|  |TAMS 0x0000000710300000, 0x0000000710300000| Untracked 
| 230|0x0000000710400000, 0x0000000710400000, 0x0000000710500000|  0%| F|  |TAMS 0x0000000710400000, 0x0000000710400000| Untracked 
| 231|0x0000000710500000, 0x0000000710500000, 0x0000000710600000|  0%| F|  |TAMS 0x0000000710500000, 0x0000000710500000| Untracked 
| 232|0x0000000710600000, 0x0000000710600000, 0x0000000710700000|  0%| F|  |TAMS 0x0000000710600000, 0x0000000710600000| Untracked 
| 233|0x0000000710700000, 0x0000000710700000, 0x0000000710800000|  0%| F|  |TAMS 0x0000000710700000, 0x0000000710700000| Untracked 
| 234|0x0000000710800000, 0x0000000710800000, 0x0000000710900000|  0%| F|  |TAMS 0x0000000710800000, 0x0000000710800000| Untracked 
| 235|0x0000000710900000, 0x0000000710900000, 0x0000000710a00000|  0%| F|  |TAMS 0x0000000710900000, 0x0000000710900000| Untracked 
| 236|0x0000000710a00000, 0x0000000710a00000, 0x0000000710b00000|  0%| F|  |TAMS 0x0000000710a00000, 0x0000000710a00000| Untracked 
| 237|0x0000000710b00000, 0x0000000710b00000, 0x0000000710c00000|  0%| F|  |TAMS 0x0000000710b00000, 0x0000000710b00000| Untracked 
| 238|0x0000000710c00000, 0x0000000710c00000, 0x0000000710d00000|  0%| F|  |TAMS 0x0000000710c00000, 0x0000000710c00000| Untracked 
| 239|0x0000000710d00000, 0x0000000710def5b0, 0x0000000710e00000| 93%| S|  |TAMS 0x0000000710d00000, 0x0000000710d00000| Complete 
| 240|0x0000000710e00000, 0x0000000710f00000, 0x0000000710f00000|100%| E|CS|TAMS 0x0000000710e00000, 0x0000000710e00000| Complete 
| 241|0x0000000710f00000, 0x0000000711000000, 0x0000000711000000|100%| E|CS|TAMS 0x0000000710f00000, 0x0000000710f00000| Complete 
| 242|0x0000000711000000, 0x0000000711100000, 0x0000000711100000|100%| E|CS|TAMS 0x0000000711000000, 0x0000000711000000| Complete 
| 243|0x0000000711100000, 0x0000000711200000, 0x0000000711200000|100%| E|CS|TAMS 0x0000000711100000, 0x0000000711100000| Complete 
| 244|0x0000000711200000, 0x0000000711300000, 0x0000000711300000|100%| E|CS|TAMS 0x0000000711200000, 0x0000000711200000| Complete 
| 245|0x0000000711300000, 0x0000000711400000, 0x0000000711400000|100%| E|CS|TAMS 0x0000000711300000, 0x0000000711300000| Complete 
| 246|0x0000000711400000, 0x0000000711500000, 0x0000000711500000|100%| E|CS|TAMS 0x0000000711400000, 0x0000000711400000| Complete 
| 247|0x0000000711500000, 0x0000000711600000, 0x0000000711600000|100%| E|CS|TAMS 0x0000000711500000, 0x0000000711500000| Complete 
| 248|0x0000000711600000, 0x0000000711700000, 0x0000000711700000|100%| E|CS|TAMS 0x0000000711600000, 0x0000000711600000| Complete 
| 249|0x0000000711700000, 0x0000000711800000, 0x0000000711800000|100%| E|CS|TAMS 0x0000000711700000, 0x0000000711700000| Complete 
| 250|0x0000000711800000, 0x0000000711900000, 0x0000000711900000|100%| E|CS|TAMS 0x0000000711800000, 0x0000000711800000| Complete 
| 251|0x0000000711900000, 0x0000000711a00000, 0x0000000711a00000|100%| E|CS|TAMS 0x0000000711900000, 0x0000000711900000| Complete 
| 252|0x0000000711a00000, 0x0000000711b00000, 0x0000000711b00000|100%| E|CS|TAMS 0x0000000711a00000, 0x0000000711a00000| Complete 
| 253|0x0000000711b00000, 0x0000000711c00000, 0x0000000711c00000|100%| E|CS|TAMS 0x0000000711b00000, 0x0000000711b00000| Complete 
| 254|0x0000000711c00000, 0x0000000711d00000, 0x0000000711d00000|100%| E|CS|TAMS 0x0000000711c00000, 0x0000000711c00000| Complete 
| 255|0x0000000711d00000, 0x0000000711e00000, 0x0000000711e00000|100%| E|CS|TAMS 0x0000000711d00000, 0x0000000711d00000| Complete 

Card table byte_map: [0x00000209f6350000,0x00000209f6b50000] _byte_map_base: 0x00000209f2b41000

Marking Bits (Prev, Next): (CMBitMap*) 0x00000209dc5eda68, (CMBitMap*) 0x00000209dc5edaa8
 Prev Bits: [0x00000209f7350000, 0x00000209fb2d8000)
 Next Bits: [0x00000209fb2e0000, 0x00000209ff268000)

Polling page: 0x00000209dc410000

Metaspace:

Usage:
  Non-class:      7.11 MB capacity,     5.88 MB ( 83%) used,     1.21 MB ( 17%) free+waste,    17.00 KB ( <1%) overhead. 
      Class:    973.00 KB capacity,   814.10 KB ( 84%) used,   149.52 KB ( 15%) free+waste,     9.38 KB ( <1%) overhead. 
       Both:      8.06 MB capacity,     6.68 MB ( 83%) used,     1.36 MB ( 17%) free+waste,    26.38 KB ( <1%) overhead. 

Virtual space:
  Non-class space:        8.00 MB reserved,       7.25 MB ( 91%) committed 
      Class space:        1.00 GB reserved,       1.00 MB ( <1%) committed 
             Both:        1.01 GB reserved,       8.25 MB ( <1%) committed 

Chunk freelists:
   Non-Class:  13.00 KB
       Class:  19.00 KB
        Both:  32.00 KB

MaxMetaspaceSize: 17179869184.00 GB
CompressedClassSpaceSize: 1.00 GB

CodeHeap 'non-profiled nmethods': size=120000Kb used=393Kb max_used=393Kb free=119607Kb
 bounds [0x00000209ee000000, 0x00000209ee270000, 0x00000209f5530000]
CodeHeap 'profiled nmethods': size=120000Kb used=2225Kb max_used=2225Kb free=117774Kb
 bounds [0x00000209e6ad0000, 0x00000209e6d40000, 0x00000209ee000000]
CodeHeap 'non-nmethods': size=5760Kb used=1186Kb max_used=1201Kb free=4573Kb
 bounds [0x00000209e6530000, 0x00000209e67a0000, 0x00000209e6ad0000]
 total_blobs=1588 nmethods=1141 adapters=360
 compilation: enabled
              stopped_count=0, restarted_count=0
 full_count=0

Compilation events (20 events):
Event: 0.557 Thread 0x00000209ffa0b000 1132       3       java.util.jar.JavaUtilJarAccessImpl::getTrustedAttributes (6 bytes)
Event: 0.557 Thread 0x00000209ffa0b000 nmethod 1132 0x00000209e6cf9410 code [0x00000209e6cf95c0, 0x00000209e6cf9728]
Event: 0.557 Thread 0x00000209ffa0b000 1133       3       java.util.jar.Manifest::getTrustedAttributes (57 bytes)
Event: 0.557 Thread 0x0000020982f02800 1134       4       java.lang.String::replace (42 bytes)
Event: 0.557 Thread 0x00000209ffa0b000 nmethod 1133 0x00000209e6cf9810 code [0x00000209e6cf9aa0, 0x00000209e6cfa6b8]
Event: 0.560 Thread 0x00000209ffa0b000 1135       3       java.lang.String::valueOf (15 bytes)
Event: 0.560 Thread 0x00000209ffa0b000 nmethod 1135 0x00000209e6cfab10 code [0x00000209e6cfacc0, 0x00000209e6cfaec8]
Event: 0.560 Thread 0x00000209ff9fd000 nmethod 1131 0x00000209ee060410 code [0x00000209ee060600, 0x00000209ee060bd8]
Event: 0.562 Thread 0x00000209ff9fd000 1136       4       jdk.internal.misc.Unsafe::allocateUninitializedArray (55 bytes)
Event: 0.563 Thread 0x00000209ffa0b000 1137       3       java.lang.invoke.MethodHandles$Lookup::<init> (84 bytes)
Event: 0.563 Thread 0x00000209ffa0b000 nmethod 1137 0x00000209e6cfaf90 code [0x00000209e6cfb140, 0x00000209e6cfb3b8]
Event: 0.563 Thread 0x00000209ffa0b000 1138       3       java.util.concurrent.CopyOnWriteArrayList::elementAt (4 bytes)
Event: 0.563 Thread 0x00000209ffa0b000 nmethod 1138 0x00000209e6cfb490 code [0x00000209e6cfb620, 0x00000209e6cfb738]
Event: 0.563 Thread 0x00000209ffa0b000 1139       3       java.util.concurrent.CopyOnWriteArrayList::get (9 bytes)
Event: 0.563 Thread 0x00000209ff9fd000 nmethod 1136 0x00000209ee061290 code [0x00000209ee061460, 0x00000209ee0616b8]
Event: 0.563 Thread 0x00000209ffa0b000 nmethod 1139 0x00000209e6cfb810 code [0x00000209e6cfb9c0, 0x00000209e6cfbb78]
Event: 0.564 Thread 0x0000020982f02800 nmethod 1134 0x00000209ee061810 code [0x00000209ee061a20, 0x00000209ee0620d8]
Event: 0.564 Thread 0x00000209ff9fd000 1141       4       java.lang.StringLatin1::toLowerCase (186 bytes)
Event: 0.566 Thread 0x00000209ffa0b000 1142   !   3       java.io.LineNumberReader::read (93 bytes)
Event: 0.566 Thread 0x00000209ffa0b000 nmethod 1142 0x00000209e6cfbc90 code [0x00000209e6cfbe60, 0x00000209e6cfc2f8]

GC Heap History (3 events):
Event: 0.357 GC heap before
{Heap before GC invocations=0 (full 0):
 garbage-first heap   total 262144K, used 13312K [0x0000000701e00000, 0x0000000800000000)
  region size 1024K, 13 young (13312K), 0 survivors (0K)
 Metaspace       used 3812K, capacity 6292K, committed 6656K, reserved 1056768K
  class space    used 425K, capacity 652K, committed 768K, reserved 1048576K
}
Event: 0.361 GC heap after
{Heap after GC invocations=1 (full 0):
 garbage-first heap   total 262144K, used 3852K [0x0000000701e00000, 0x0000000800000000)
  region size 1024K, 2 young (2048K), 2 survivors (2048K)
 Metaspace       used 3812K, capacity 6292K, committed 6656K, reserved 1056768K
  class space    used 425K, capacity 652K, committed 768K, reserved 1048576K
}
Event: 0.569 GC heap before
{Heap before GC invocations=1 (full 0):
 garbage-first heap   total 262144K, used 18188K [0x0000000701e00000, 0x0000000800000000)
  region size 1024K, 16 young (16384K), 2 survivors (2048K)
 Metaspace       used 6839K, capacity 8256K, committed 8448K, reserved 1056768K
  class space    used 814K, capacity 973K, committed 1024K, reserved 1048576K
}

Deoptimization events (20 events):
Event: 0.542 Thread 0x00000209830df800 DEOPT PACKING pc=0x00000209ee0538dc sp=0x00000057cebfc7a0
Event: 0.542 Thread 0x00000209830df800 DEOPT UNPACKING pc=0x00000209e657912f sp=0x00000057cebfc728 mode 2
Event: 0.562 Thread 0x00000209830df800 DEOPT PACKING pc=0x00000209e6cf03a0 sp=0x00000057cebf9c00
Event: 0.562 Thread 0x00000209830df800 DEOPT UNPACKING pc=0x00000209e657964e sp=0x00000057cebf9118 mode 0
Event: 0.563 Thread 0x000002098309e000 Uncommon trap: trap_request=0xffffffde fr.pc=0x00000209ee061580 relative=0x0000000000000120
Event: 0.563 Thread 0x000002098309e000 Uncommon trap: reason=class_check action=maybe_recompile pc=0x00000209ee061580 method=jdk.internal.misc.Unsafe.allocateUninitializedArray(Ljava/lang/Class;I)Ljava/lang/Object; @ 51 c2
Event: 0.563 Thread 0x000002098309e000 DEOPT PACKING pc=0x00000209ee061580 sp=0x00000057ceafc9c0
Event: 0.563 Thread 0x000002098309e000 DEOPT UNPACKING pc=0x00000209e657912f sp=0x00000057ceafc948 mode 2
Event: 0.563 Thread 0x000002098309e000 Uncommon trap: trap_request=0xffffffde fr.pc=0x00000209ee061580 relative=0x0000000000000120
Event: 0.563 Thread 0x000002098309e000 Uncommon trap: reason=class_check action=maybe_recompile pc=0x00000209ee061580 method=jdk.internal.misc.Unsafe.allocateUninitializedArray(Ljava/lang/Class;I)Ljava/lang/Object; @ 51 c2
Event: 0.563 Thread 0x000002098309e000 DEOPT PACKING pc=0x00000209ee061580 sp=0x00000057ceafca60
Event: 0.563 Thread 0x000002098309e000 DEOPT UNPACKING pc=0x00000209e657912f sp=0x00000057ceafc9e8 mode 2
Event: 0.563 Thread 0x00000209830df800 Uncommon trap: trap_request=0xffffffde fr.pc=0x00000209ee061580 relative=0x0000000000000120
Event: 0.563 Thread 0x00000209830df800 Uncommon trap: reason=class_check action=maybe_recompile pc=0x00000209ee061580 method=jdk.internal.misc.Unsafe.allocateUninitializedArray(Ljava/lang/Class;I)Ljava/lang/Object; @ 51 c2
Event: 0.563 Thread 0x00000209830df800 DEOPT PACKING pc=0x00000209ee061580 sp=0x00000057cebfd930
Event: 0.563 Thread 0x00000209830df800 DEOPT UNPACKING pc=0x00000209e657912f sp=0x00000057cebfd8b8 mode 2
Event: 0.563 Thread 0x00000209830df800 Uncommon trap: trap_request=0xffffffde fr.pc=0x00000209ee061580 relative=0x0000000000000120
Event: 0.563 Thread 0x00000209830df800 Uncommon trap: reason=class_check action=maybe_recompile pc=0x00000209ee061580 method=jdk.internal.misc.Unsafe.allocateUninitializedArray(Ljava/lang/Class;I)Ljava/lang/Object; @ 51 c2
Event: 0.563 Thread 0x00000209830df800 DEOPT PACKING pc=0x00000209ee061580 sp=0x00000057cebfd9d0
Event: 0.563 Thread 0x00000209830df800 DEOPT UNPACKING pc=0x00000209e657912f sp=0x00000057cebfd958 mode 2

Classes unloaded (0 events):
No events

Classes redefined (0 events):
No events

Internal exceptions (11 events):
Event: 0.222 Thread 0x00000209dc584800 Exception <a 'java/lang/ClassNotFoundException'{0x0000000711609f28}: javax/smartcardio/CardPermission> (0x0000000711609f28) 
thrown [./open/src/hotspot/share/classfile/systemDictionary.cpp, line 226]
Event: 0.225 Thread 0x00000209dc584800 Exception <a 'java/io/FileNotFoundException'{0x0000000711618620}> (0x0000000711618620) 
thrown [./open/src/hotspot/share/prims/jni.cpp, line 599]
Event: 0.310 Thread 0x00000209dc584800 Exception <a 'java/lang/NoSuchMethodError'{0x000000071138b6d8}: 'int java.lang.invoke.DirectMethodHandle$Holder.invokeStaticInit(java.lang.Object, java.lang.Object)'> (0x000000071138b6d8) 
thrown [./open/src/hotspot/share/interpreter/linkResolver.cpp, line 766]
Event: 0.390 Thread 0x00000209dc584800 Exception <a 'java/lang/NoSuchMethodError'{0x0000000711c5f658}: 'java.lang.Object java.lang.invoke.DirectMethodHandle$Holder.invokeStaticInit(java.lang.Object, java.lang.Object, java.lang.Object)'> (0x0000000711c5f658) 
thrown [./open/src/hotspot/share/interpreter/linkResolver.cpp, line 766]
Event: 0.493 Thread 0x000002098309e000 Exception <a 'java/io/FileNotFoundException'{0x000000071161ecc8}> (0x000000071161ecc8) 
thrown [./open/src/hotspot/share/prims/jni.cpp, line 599]
Event: 0.541 Thread 0x000002098309e000 Exception <a 'java/lang/NoSuchMethodError'{0x00000007113c1130}: 'void java.lang.invoke.DirectMethodHandle$Holder.invokeSpecial(java.lang.Object, java.lang.Object, java.lang.Object, java.lang.Object)'> (0x00000007113c1130) 
thrown [./open/src/hotspot/share/interpreter/linkResolver.cpp, line 766]
Event: 0.551 Thread 0x000002098309e000 Exception <a 'java/lang/NoSuchMethodError'{0x0000000711117230}: 'java.lang.Object java.lang.invoke.DirectMethodHandle$Holder.invokeStatic(java.lang.Object, java.lang.Object, int, java.lang.Object)'> (0x0000000711117230) 
thrown [./open/src/hotspot/share/interpreter/linkResolver.cpp, line 766]
Event: 0.552 Thread 0x000002098309e000 Exception <a 'java/lang/NoSuchMethodError'{0x000000071111d4c8}: 'java.lang.Object java.lang.invoke.Invokers$Holder.linkToTargetMethod(java.lang.Object, int, java.lang.Object, java.lang.Object)'> (0x000000071111d4c8) 
thrown [./open/src/hotspot/share/interpreter/linkResolver.cpp, line 766]
Event: 0.553 Thread 0x000002098309e000 Exception <a 'java/lang/NoSuchMethodError'{0x0000000711120b38}: 'void java.lang.invoke.DirectMethodHandle$Holder.invokeSpecial(java.lang.Object, java.lang.Object, java.lang.Object, java.lang.Object, java.lang.Object, java.lang.Object)'> (0x0000000711120b38) 
thrown [./open/src/hotspot/share/interpreter/linkResolver.cpp, line 766]
Event: 0.554 Thread 0x000002098309e000 Exception <a 'java/lang/NoSuchMethodError'{0x000000071117caa0}: 'java.lang.Object java.lang.invoke.Invokers$Holder.linkToTargetMethod(java.lang.Object, java.lang.Object, java.lang.Object, java.lang.Object, java.lang.Object, java.lang.Object)'> (0x000000071117caa0) 
thrown [./open/src/hotspot/share/interpreter/linkResolver.cpp, line 766]
Event: 0.555 Thread 0x000002098309e000 Exception <a 'java/lang/NoSuchMethodError'{0x00000007111802a0}: 'int java.lang.invoke.DirectMethodHandle$Holder.invokeSpecial(java.lang.Object, java.lang.Object, java.lang.Object, java.lang.Object)'> (0x00000007111802a0) 
thrown [./open/src/hotspot/share/interpreter/linkResolver.cpp, line 766]

Events (20 events):
Event: 0.555 loading class java/lang/reflect/AnnotatedType done
Event: 0.559 loading class java/net/URLClassLoader$2
Event: 0.559 loading class java/net/URLClassLoader$2 done
Event: 0.562 loading class org/xml/sax/SAXException
Event: 0.562 loading class org/xml/sax/SAXException done
Event: 0.563 loading class javax/xml/transform/Source
Event: 0.563 loading class javax/xml/transform/Source done
Event: 0.564 loading class java/io/LineNumberReader
Event: 0.564 loading class java/io/LineNumberReader done
Event: 0.564 Executing VM operation: HandshakeAllThreads
Event: 0.564 Executing VM operation: HandshakeAllThreads done
Event: 0.564 loading class sun/net/ProgressMonitor
Event: 0.564 loading class sun/net/ProgressMonitor done
Event: 0.564 loading class sun/net/DefaultProgressMeteringPolicy
Event: 0.564 loading class sun/net/ProgressMeteringPolicy
Event: 0.564 loading class sun/net/ProgressMeteringPolicy done
Event: 0.564 loading class sun/net/DefaultProgressMeteringPolicy done
Event: 0.564 loading class sun/nio/cs/ISO_8859_1$Decoder
Event: 0.565 loading class sun/nio/cs/ISO_8859_1$Decoder done
Event: 0.569 Executing VM operation: G1CollectForAllocation


Dynamic libraries:
0x00007ff666d60000 - 0x00007ff666d6f000 	C:\Program Files\Java\jdk-14.0.2\bin\java.exe
0x00007ff8a6930000 - 0x00007ff8a6b25000 	C:\WINDOWS\SYSTEM32\ntdll.dll
0x00007ff8a6660000 - 0x00007ff8a671e000 	C:\WINDOWS\System32\KERNEL32.DLL
0x00007ff8a4050000 - 0x00007ff8a4318000 	C:\WINDOWS\System32\KERNELBASE.dll
0x00007ff8a4890000 - 0x00007ff8a4990000 	C:\WINDOWS\System32\ucrtbase.dll
0x00007ff874ab0000 - 0x00007ff874ac5000 	C:\Program Files\Java\jdk-14.0.2\bin\VCRUNTIME140.dll
0x00007ff881150000 - 0x00007ff881168000 	C:\Program Files\Java\jdk-14.0.2\bin\jli.dll
0x00007ff8a52f0000 - 0x00007ff8a539e000 	C:\WINDOWS\System32\ADVAPI32.dll
0x00007ff8a67f0000 - 0x00007ff8a688e000 	C:\WINDOWS\System32\msvcrt.dll
0x00007ff8a55b0000 - 0x00007ff8a564c000 	C:\WINDOWS\System32\sechost.dll
0x00007ff8a5480000 - 0x00007ff8a55a5000 	C:\WINDOWS\System32\RPCRT4.dll
0x00007ff8a6030000 - 0x00007ff8a61d0000 	C:\WINDOWS\System32\USER32.dll
0x00007ff8a4860000 - 0x00007ff8a4882000 	C:\WINDOWS\System32\win32u.dll
0x00007ff8907a0000 - 0x00007ff890a3a000 	C:\WINDOWS\WinSxS\amd64_microsoft.windows.common-controls_6595b64144ccf1df_6.0.19041.1110_none_60b5254171f9507e\COMCTL32.dll
0x00007ff8a5850000 - 0x00007ff8a587a000 	C:\WINDOWS\System32\GDI32.dll
0x00007ff8a4370000 - 0x00007ff8a447b000 	C:\WINDOWS\System32\gdi32full.dll
0x00007ff8a4730000 - 0x00007ff8a47cd000 	C:\WINDOWS\System32\msvcp_win.dll
0x00007ff89d160000 - 0x00007ff89d16a000 	C:\WINDOWS\SYSTEM32\VERSION.dll
0x00007ff8a5820000 - 0x00007ff8a5850000 	C:\WINDOWS\System32\IMM32.DLL
0x00007ff8451c0000 - 0x00007ff84525b000 	C:\Program Files\Java\jdk-14.0.2\bin\msvcp140.dll
0x00007ff844240000 - 0x00007ff844d5e000 	C:\Program Files\Java\jdk-14.0.2\bin\server\jvm.dll
0x00007ff8a6020000 - 0x00007ff8a6028000 	C:\WINDOWS\System32\PSAPI.DLL
0x00007ff893000000 - 0x00007ff893027000 	C:\WINDOWS\SYSTEM32\WINMM.dll
0x00007ff89e840000 - 0x00007ff89e849000 	C:\WINDOWS\SYSTEM32\WSOCK32.dll
0x00007ff8a57b0000 - 0x00007ff8a581b000 	C:\WINDOWS\System32\WS2_32.dll
0x00007ff8a28e0000 - 0x00007ff8a28f2000 	C:\WINDOWS\SYSTEM32\kernel.appcore.dll
0x00007ff88e670000 - 0x00007ff88e67a000 	C:\Program Files\Java\jdk-14.0.2\bin\jimage.dll
0x00007ff889980000 - 0x00007ff889b64000 	C:\WINDOWS\SYSTEM32\DBGHELP.DLL
0x00007ff888dd0000 - 0x00007ff888dfc000 	C:\WINDOWS\SYSTEM32\dbgcore.DLL
0x00007ff8a47d0000 - 0x00007ff8a4852000 	C:\WINDOWS\System32\bcryptPrimitives.dll
0x00007ff84a7b0000 - 0x00007ff84a7d5000 	C:\Program Files\Java\jdk-14.0.2\bin\java.dll
0x00007ff86b430000 - 0x00007ff86b446000 	C:\Program Files\Java\jdk-14.0.2\bin\zip.dll
0x00007ff8a4990000 - 0x00007ff8a50d4000 	C:\WINDOWS\System32\SHELL32.dll
0x00007ff8a2130000 - 0x00007ff8a28c4000 	C:\WINDOWS\SYSTEM32\windows.storage.dll
0x00007ff8a61d0000 - 0x00007ff8a6524000 	C:\WINDOWS\System32\combase.dll
0x00007ff8a39e0000 - 0x00007ff8a3a0c000 	C:\WINDOWS\SYSTEM32\Wldp.dll
0x00007ff8a6720000 - 0x00007ff8a67cd000 	C:\WINDOWS\System32\SHCORE.dll
0x00007ff8a5f60000 - 0x00007ff8a5fb5000 	C:\WINDOWS\System32\shlwapi.dll
0x00007ff8a3f90000 - 0x00007ff8a3faf000 	C:\WINDOWS\SYSTEM32\profapi.dll
0x00007ff869e70000 - 0x00007ff869e89000 	C:\Program Files\Java\jdk-14.0.2\bin\net.dll
0x00007ff89e3f0000 - 0x00007ff89e4fa000 	C:\WINDOWS\SYSTEM32\WINHTTP.dll
0x00007ff8a37c0000 - 0x00007ff8a382a000 	C:\WINDOWS\system32\mswsock.dll
0x00007ff867980000 - 0x00007ff867992000 	C:\Program Files\Java\jdk-14.0.2\bin\nio.dll
0x00007ff88e290000 - 0x00007ff88e2a0000 	C:\Program Files\Java\jdk-14.0.2\bin\verify.dll
0x00007ff88e070000 - 0x00007ff88e079000 	C:\Program Files\Java\jdk-14.0.2\bin\management.dll
0x00007ff88c8f0000 - 0x00007ff88c8fb000 	C:\Program Files\Java\jdk-14.0.2\bin\management_ext.dll

dbghelp: loaded successfully - version: 4.0.5 - missing functions: none
symbol engine: initialized successfully - sym options: 0x614 - pdb path: .;C:\Program Files\Java\jdk-14.0.2\bin;C:\WINDOWS\SYSTEM32;C:\WINDOWS\WinSxS\amd64_microsoft.windows.common-controls_6595b64144ccf1df_6.0.19041.1110_none_60b5254171f9507e;C:\Program Files\Java\jdk-14.0.2\bin\server

VM Arguments:
java_command: com.mycompany.guessthenumber.App
java_class_path (initial): C:\Users\apoth\Documents\NetBeansProjects\GuessTheNumber\GuessTheNumber\target\classes;C:\Users\apoth\.m2\repository\org\springframework\boot\spring-boot-starter-web\2.1.0.RELEASE\spring-boot-starter-web-2.1.0.RELEASE.jar;C:\Users\apoth\.m2\repository\org\springframework\boot\spring-boot-starter\2.1.0.RELEASE\spring-boot-starter-2.1.0.RELEASE.jar;C:\Users\apoth\.m2\repository\org\springframework\boot\spring-boot-starter-logging\2.1.0.RELEASE\spring-boot-starter-logging-2.1.0.RELEASE.jar;C:\Users\apoth\.m2\repository\ch\qos\logback\logback-classic\1.2.3\logback-classic-1.2.3.jar;C:\Users\apoth\.m2\repository\ch\qos\logback\logback-core\1.2.3\logback-core-1.2.3.jar;C:\Users\apoth\.m2\repository\org\apache\logging\log4j\log4j-to-slf4j\2.11.1\log4j-to-slf4j-2.11.1.jar;C:\Users\apoth\.m2\repository\org\apache\logging\log4j\log4j-api\2.11.1\log4j-api-2.11.1.jar;C:\Users\apoth\.m2\repository\org\slf4j\jul-to-slf4j\1.7.25\jul-to-slf4j-1.7.25.jar;C:\Users\apoth\.m2\repository\javax\annotation\javax.annotation-api\1.3.2\javax.annotation-api-1.3.2.jar;C:\Users\apoth\.m2\repository\org\springframework\spring-core\5.1.2.RELEASE\spring-core-5.1.2.RELEASE.jar;C:\Users\apoth\.m2\repository\org\springframework\spring-jcl\5.1.2.RELEASE\spring-jcl-5.1.2.RELEASE.jar;C:\Users\apoth\.m2\repository\org\yaml\snakeyaml\1.23\snakeyaml-1.23.jar;C:\Users\apoth\.m2\repository\org\springframework\boot\spring-boot-starter-json\2.1.0.RELEASE\spring-boot-starter-json-2.1.0.RELEASE.jar;C:\Users\apoth\.m2\repository\com\fasterxml\jackson\core\jackson-databind\2.9.7\jackson-databind-2.9.7.jar;C:\Users\apoth\.m2\repository\com\fasterxml\jackson\core\jackson-annotations\2.9.0\jackson-annotations-2.9.0.jar;C:\Users\apoth\.m2\repository\com\fasterxml\jackson\core\jackson-core\2.9.7\jackson-core-2.9.7.jar;C:\Users\apoth\.m2\repository\com\fasterxml\jackson\datatype\jackson-datatype-jdk8\2.9.7\jackson-datatype-jdk8-2.9.7.jar;C:\Users\apoth\.m2\repository\com\fasterxml\jackson\da
Launcher Type: SUN_STANDARD

[Global flags]
     intx CICompilerCount                          = 3                                         {product} {ergonomic}
     uint ConcGCThreads                            = 1                                         {product} {ergonomic}
     uint G1ConcRefinementThreads                  = 4                                         {product} {ergonomic}
   size_t G1HeapRegionSize                         = 1048576                                   {product} {ergonomic}
    uintx GCDrainStackTargetSize                   = 64                                        {product} {ergonomic}
   size_t InitialHeapSize                          = 268435456                                 {product} {ergonomic}
   size_t MarkStackSize                            = 4194304                                   {product} {ergonomic}
   size_t MaxHeapSize                              = 4263510016                                {product} {ergonomic}
   size_t MaxNewSize                               = 2557476864                                {product} {ergonomic}
   size_t MinHeapDeltaBytes                        = 1048576                                   {product} {ergonomic}
   size_t MinHeapSize                              = 8388608                                   {product} {ergonomic}
    uintx NonNMethodCodeHeapSize                   = 5832780                                {pd product} {ergonomic}
    uintx NonProfiledCodeHeapSize                  = 122912730                              {pd product} {ergonomic}
    uintx ProfiledCodeHeapSize                     = 122912730                              {pd product} {ergonomic}
    uintx ReservedCodeCacheSize                    = 251658240                              {pd product} {ergonomic}
     bool SegmentedCodeCache                       = true                                      {product} {ergonomic}
   size_t SoftMaxHeapSize                          = 4263510016                             {manageable} {ergonomic}
     bool UseCompressedClassPointers               = true                                 {lp64_product} {ergonomic}
     bool UseCompressedOops                        = true                                 {lp64_product} {ergonomic}
     bool UseG1GC                                  = true                                      {product} {ergonomic}
     bool UseLargePagesIndividualAllocation        = false                                  {pd product} {ergonomic}

Logging:
Log output configuration:
 #0: stdout all=warning uptime,level,tags
 #1: stderr all=off uptime,level,tags

Environment Variables:
JAVA_HOME=C:\Program Files\Java\jdk-14.0.2
PATH=C:\Program Files\Oculus\Support\oculus-runtime;C:\Program Files\Java\jdk-11.0.2\bin;C:\ProgramData\Oracle\Java\javapath;C:\WINDOWS\system32;C:\WINDOWS;C:\WINDOWS\System32\Wbem;C:\WINDOWS\System32\WindowsPowerShell\v1.0\;C:\Program Files\Microsoft\Web Platform Installer\;C:\Program Files\dotnet\;C:\Program Files\Microsoft SQL Server\130\Tools\Binn\;C:\Program Files\nodejs\;C:\Program Files\NVIDIA Corporation\NVIDIA NvDLISR;C:\Program Files (x86)\NVIDIA Corporation\PhysX\Common;C:\MinGW\bin;C:\MinGW\msys\1.0\bin;C:\WINDOWS\system32;C:\WINDOWS;C:\WINDOWS\System32\Wbem;C:\WINDOWS\System32\WindowsPowerShell\v1.0\;C:\WINDOWS\System32\OpenSSH\;C:\Program Files\Git\cmd;C:\Program Files\Notepad++;;C:\Program Files\Docker\Docker\resources\bin;C:\ProgramData\DockerDesktop\version-bin;C:\HashiCorp\Vagrant\bin;C:\Program Files\MySQL\MySQL Shell 8.0\bin\;C:\Users\apoth\AppData\Roaming\npm;C:\Users\apoth\AppData\Local\Microsoft\WindowsApps;C:\Users\apoth\AppData\Local\Programs\Microsoft VS Code\bin;C:\Users\apoth\AppData\Local\atom\bin;C:\src\flutter\bin;;C:\Users\apoth\AppData\Local\Microsoft\WindowsApps;C:\Program Files\JetBrains\PyCharm 2021.2.1\bin;;C:\Program Files\JetBrains\IntelliJ IDEA Community Edition 2021.2.3\bin;
USERNAME=Rich
OS=Windows_NT
PROCESSOR_IDENTIFIER=Intel64 Family 6 Model 60 Stepping 3, GenuineIntel



---------------  S Y S T E M  ---------------

OS: Windows 10 , 64 bit Build 19041 (10.0.19041.1645)
OS uptime: 8 days 5:20 hours
HyperV virtualization detected

CPU:total 4 (initial active 4) (4 cores per cpu, 1 threads per core) family 6 model 60 stepping 3, cmov, cx8, fxsr, mmx, sse, sse2, sse3, ssse3, sse4.1, sse4.2, popcnt, avx, avx2, aes, clmul, erms, lzcnt, tsc, tscinvbit, bmi1, bmi2, fma

Memory: 4k page, system-wide physical 16256M (2316M free)
TotalPageFile size 39539M (AvailPageFile size 6600M)
current process WorkingSet (physical memory assigned to process): 77M, peak: 77M
current process commit charge ("private bytes"): 357M, peak: 357M

vm_info: Java HotSpot(TM) 64-Bit Server VM (14.0.2+12-46) for windows-amd64 JRE (14.0.2+12-46), built on Jul  9 2020 00:35:52 by "mach5one" with MS VC++ 15.9 (VS2017)

END.
